Unity Editor version:    2021.3.19f1 (c9714fde33b6)
Branch:                  2021.3/staging
Build type:              Release
Batch mode:              YES
macOS version:           Version 13.2.1 (Build 22D68)
Darwin version:          22.3.0
Architecture:            arm64
Running under Rosetta:   NO
Available memory:        8192 MB
Using pre-set license
Pro License: YES

COMMAND LINE ARGUMENTS:
/Applications/Unity/Hub/Editor/2021.3.19f1/Unity.app/Contents/MacOS/Unity
-adb2
-batchMode
-noUpm
-name
AssetImportWorker0
-projectPath
/Users/uni/Documents/rguhack2023/Tetris again
-logFile
Logs/AssetImportWorker0.log
-srvPort
55669
Successfully changed project path to: /Users/uni/Documents/rguhack2023/Tetris again
/Users/uni/Documents/rguhack2023/Tetris again
[UnityMemory] Configuration Parameters - Can be set up in boot.config
    "memorysetup-bucket-allocator-granularity=16"
    "memorysetup-bucket-allocator-bucket-count=8"
    "memorysetup-bucket-allocator-block-size=33554432"
    "memorysetup-bucket-allocator-block-count=8"
    "memorysetup-main-allocator-block-size=16777216"
    "memorysetup-thread-allocator-block-size=16777216"
    "memorysetup-gfx-main-allocator-block-size=16777216"
    "memorysetup-gfx-thread-allocator-block-size=16777216"
    "memorysetup-cache-allocator-block-size=4194304"
    "memorysetup-typetree-allocator-block-size=2097152"
    "memorysetup-profiler-bucket-allocator-granularity=16"
    "memorysetup-profiler-bucket-allocator-bucket-count=8"
    "memorysetup-profiler-bucket-allocator-block-size=33554432"
    "memorysetup-profiler-bucket-allocator-block-count=8"
    "memorysetup-profiler-allocator-block-size=16777216"
    "memorysetup-profiler-editor-allocator-block-size=1048576"
    "memorysetup-temp-allocator-size-main=16777216"
    "memorysetup-job-temp-allocator-block-size=2097152"
    "memorysetup-job-temp-allocator-block-size-background=1048576"
    "memorysetup-job-temp-allocator-reduction-small-platforms=262144"
    "memorysetup-temp-allocator-size-background-worker=32768"
    "memorysetup-temp-allocator-size-job-worker=262144"
    "memorysetup-temp-allocator-size-preload-manager=33554432"
    "memorysetup-temp-allocator-size-nav-mesh-worker=65536"
    "memorysetup-temp-allocator-size-audio-worker=65536"
    "memorysetup-temp-allocator-size-cloud-worker=32768"
    "memorysetup-temp-allocator-size-gi-baking-worker=262144"
    "memorysetup-temp-allocator-size-gfx=262144"
Player connection [8713961792] Host "[IP] 10.200.133.15 [Port] 0 [Flags] 2 [Guid] 2906952280 [EditorId] 2906952280 [Version] 1048832 [Id] OSXEditor(0,Claras-MacBook-Air.local) [Debug] 1 [PackageName] OSXEditor [ProjectName] Editor" joined multi-casting on [225.0.0.222:54997]...

Player connection [8713961792] Host "[IP] 10.200.133.15 [Port] 0 [Flags] 2 [Guid] 2906952280 [EditorId] 2906952280 [Version] 1048832 [Id] OSXEditor(0,Claras-MacBook-Air.local) [Debug] 1 [PackageName] OSXEditor [ProjectName] Editor" joined alternative multi-casting on [225.0.0.222:34997]...

Refreshing native plugins compatible for Editor in 83.06 ms, found 3 plugins.
Preloading 0 native plugins for Editor in 0.00 ms.
Initialize engine version: 2021.3.19f1 (c9714fde33b6)
[Subsystems] Discovering subsystems at path /Applications/Unity/Hub/Editor/2021.3.19f1/Unity.app/Contents/Resources/UnitySubsystems
[Subsystems] Discovering subsystems at path /Users/uni/Documents/rguhack2023/Tetris again/Assets
GfxDevice: creating device client; threaded=0; jobified=0
 preferred device: Apple M1 (high power)
Metal devices available: 1
0: Apple M1 (high power)
Using device Apple M1 (high power)
Initializing Metal device caps: Apple M1
Initialize mono
Mono path[0] = '/Applications/Unity/Hub/Editor/2021.3.19f1/Unity.app/Contents/Managed'
Mono path[1] = '/Applications/Unity/Hub/Editor/2021.3.19f1/Unity.app/Contents/MonoBleedingEdge/lib/mono/unityjit-macos'
Mono config path = '/Applications/Unity/Hub/Editor/2021.3.19f1/Unity.app/Contents/MonoBleedingEdge/etc'
Using monoOptions --debugger-agent=transport=dt_socket,embedding=1,server=y,suspend=n,address=127.0.0.1:56550
Begin MonoManager ReloadAssembly
Registering precompiled unity dll's ...
Register platform support module: /Applications/Unity/Hub/Editor/2021.3.19f1/PlaybackEngines/WebGLSupport/UnityEditor.WebGL.Extensions.dll
Register platform support module: /Applications/Unity/Hub/Editor/2021.3.19f1/Unity.app/Contents/PlaybackEngines/MacStandaloneSupport/UnityEditor.OSXStandalone.Extensions.dll
Registered in 0.001680 seconds.
Native extension for OSXStandalone target not found
Native extension for WebGL target not found
Refreshing native plugins compatible for Editor in 74.13 ms, found 3 plugins.
Preloading 0 native plugins for Editor in 0.00 ms.
Mono: successfully reloaded assembly
- Completed reload, in  0.419 seconds
Domain Reload Profiling:
	ReloadAssembly (420ms)
		BeginReloadAssembly (56ms)
			ExecutionOrderSort (0ms)
			DisableScriptedObjects (0ms)
			BackupInstance (0ms)
			ReleaseScriptingObjects (0ms)
			CreateAndSetChildDomain (0ms)
		EndReloadAssembly (293ms)
			LoadAssemblies (57ms)
			RebuildTransferFunctionScriptingTraits (0ms)
			SetupTypeCache (71ms)
			ReleaseScriptCaches (0ms)
			RebuildScriptCaches (20ms)
			SetupLoadedEditorAssemblies (175ms)
				LogAssemblyErrors (0ms)
				InitializePlatformSupportModulesInManaged (4ms)
				SetLoadedEditorAssemblies (0ms)
				RefreshPlugins (74ms)
				BeforeProcessingInitializeOnLoad (1ms)
				ProcessInitializeOnLoadAttributes (71ms)
				ProcessInitializeOnLoadMethodAttributes (24ms)
				AfterProcessingInitializeOnLoad (0ms)
				EditorAssembliesLoaded (0ms)
			ExecutionOrderSort2 (0ms)
			AwakeInstancesAfterBackupRestoration (0ms)
Platform modules already initialized, skipping
Registering precompiled user dll's ...
Registered in 0.009018 seconds.
Begin MonoManager ReloadAssembly
Symbol file LoadedFromMemory doesn't match image /Users/uni/Documents/rguhack2023/Tetris again/Library/PackageCache/com.unity.visualscripting@1.8.0/Editor/VisualScripting.Core/Dependencies/YamlDotNet/Unity.VisualScripting.YamlDotNet.dll
Symbol file LoadedFromMemory doesn't match image /Users/uni/Documents/rguhack2023/Tetris again/Library/PackageCache/com.unity.visualscripting@1.8.0/Editor/VisualScripting.Core/Dependencies/DotNetZip/Unity.VisualScripting.IonicZip.dll
Native extension for OSXStandalone target not found
Native extension for WebGL target not found
Refreshing native plugins compatible for Editor in 73.24 ms, found 3 plugins.
Preloading 0 native plugins for Editor in 0.00 ms.
Mono: successfully reloaded assembly
- Completed reload, in  0.711 seconds
Domain Reload Profiling:
	ReloadAssembly (712ms)
		BeginReloadAssembly (51ms)
			ExecutionOrderSort (0ms)
			DisableScriptedObjects (3ms)
			BackupInstance (0ms)
			ReleaseScriptingObjects (0ms)
			CreateAndSetChildDomain (14ms)
		EndReloadAssembly (591ms)
			LoadAssemblies (89ms)
			RebuildTransferFunctionScriptingTraits (0ms)
			SetupTypeCache (151ms)
			ReleaseScriptCaches (1ms)
			RebuildScriptCaches (38ms)
			SetupLoadedEditorAssemblies (279ms)
				LogAssemblyErrors (0ms)
				InitializePlatformSupportModulesInManaged (2ms)
				SetLoadedEditorAssemblies (0ms)
				RefreshPlugins (73ms)
				BeforeProcessingInitializeOnLoad (57ms)
				ProcessInitializeOnLoadAttributes (125ms)
				ProcessInitializeOnLoadMethodAttributes (21ms)
				AfterProcessingInitializeOnLoad (1ms)
				EditorAssembliesLoaded (0ms)
			ExecutionOrderSort2 (0ms)
			AwakeInstancesAfterBackupRestoration (2ms)
Platform modules already initialized, skipping
========================================================================
Worker process is ready to serve import requests
Launching external process: /Applications/Unity/Hub/Editor/2021.3.19f1/Unity.app/Contents/Tools/UnityShaderCompiler
Launched and connected shader compiler UnityShaderCompiler after 0.05 seconds
Refreshing native plugins compatible for Editor in 0.53 ms, found 3 plugins.
Preloading 0 native plugins for Editor in 0.00 ms.
Unloading 3784 Unused Serialized files (Serialized files now loaded: 0)
Unloading 41 unused Assets / (297.6 KB). Loaded Objects now: 4239.
Memory consumption went from 140.1 MB to 139.8 MB.
Total: 2.746417 ms (FindLiveObjects: 0.169083 ms CreateObjectMapping: 0.047542 ms MarkObjects: 2.400250 ms  DeleteObjects: 0.128625 ms)

AssetImportParameters requested are different than current active one (requested -> active):
  custom:video-decoder-ogg-theora: a1e56fd34408186e4bbccfd4996cb3dc -> 
  custom:container-muxer-webm: aa71ff27fc2769a1b78a27578f13a17b -> 
  custom:container-demuxer-webm: 4f35f7cbe854078d1ac9338744f61a02 -> 
  custom:video-encoder-webm-vp8: eb34c28f22e8b96e1ab97ce403110664 -> 
  custom:framework-osx-AVFoundation: e770b220cccbd017edd2c1fefb359320 -> 
  custom:audio-encoder-webm-vorbis: bf7c407c2cedff20999df2af8eb42d56 -> 
  custom:container-demuxer-ogg: 62fdf1f143b41e24485cea50d1cbac27 -> 
  custom:video-decoder-webm-vp8: 9c59270c3fd7afecdb556c50c9e8de78 -> 
  custom:audio-decoder-ogg-vorbis: bf7c407c2cedff20999df2af8eb42d56 -> 
========================================================================
Received Import Request.
  Time since last request: 74189.730827 seconds.
  path: Assets/O-shape.png
  artifactKey: Guid(e19fb1917db924205ab28daf57fc85e6) Importer(815301076,1909f56bfc062723c751e8b465ee728b)
Start importing Assets/O-shape.png using Guid(e19fb1917db924205ab28daf57fc85e6) Importer(815301076,1909f56bfc062723c751e8b465ee728b)  -> (artifact id: '937b48f09ca984e7a8b66001926384ae') in 0.148459 seconds 
========================================================================
Received Import Request.
  Time since last request: 0.000070 seconds.
  path: Assets/GroupS Variant.prefab
  artifactKey: Guid(01a3d412d337340f8802ffbad29775a6) Importer(815301076,1909f56bfc062723c751e8b465ee728b)
Start importing Assets/GroupS Variant.prefab using Guid(01a3d412d337340f8802ffbad29775a6) Importer(815301076,1909f56bfc062723c751e8b465ee728b)  -> (artifact id: '6d7787c72dcfea0e3fe364adf072b059') in 0.065276 seconds 
========================================================================
Received Import Request.
  Time since last request: 0.000049 seconds.
  path: Assets/GroupJ Variant.prefab
  artifactKey: Guid(7b78fb2b94c1b4d8a9f41583283ccb2b) Importer(815301076,1909f56bfc062723c751e8b465ee728b)
Start importing Assets/GroupJ Variant.prefab using Guid(7b78fb2b94c1b4d8a9f41583283ccb2b) Importer(815301076,1909f56bfc062723c751e8b465ee728b)  -> (artifact id: 'd2eb4739de84b0724d55323e97f4e97f') in 0.007130 seconds 
========================================================================
Received Import Request.
  Time since last request: 0.000055 seconds.
  path: Assets/GroupO.prefab
  artifactKey: Guid(994a354fb75f0482d93a291ec8f5ff8d) Importer(815301076,1909f56bfc062723c751e8b465ee728b)
Start importing Assets/GroupO.prefab using Guid(994a354fb75f0482d93a291ec8f5ff8d) Importer(815301076,1909f56bfc062723c751e8b465ee728b)  -> (artifact id: '8726cfac5dac086476b650f946bec4c0') in 0.005330 seconds 
========================================================================
Received Import Request.
  Time since last request: 0.000039 seconds.
  path: Assets/GroupI Variant.prefab
  artifactKey: Guid(74f4125fa6407432fbdf311a3d7588fd) Importer(815301076,1909f56bfc062723c751e8b465ee728b)
Start importing Assets/GroupI Variant.prefab using Guid(74f4125fa6407432fbdf311a3d7588fd) Importer(815301076,1909f56bfc062723c751e8b465ee728b)  -> (artifact id: 'dd9b3db7376281f2816b8d85a661d9ac') in 0.004821 seconds 
========================================================================
Received Import Request.
  Time since last request: 0.000045 seconds.
  path: Assets/border.png
  artifactKey: Guid(e7a1830e1824f47e691b53012ba019fe) Importer(815301076,1909f56bfc062723c751e8b465ee728b)
Start importing Assets/border.png using Guid(e7a1830e1824f47e691b53012ba019fe) Importer(815301076,1909f56bfc062723c751e8b465ee728b)  -> (artifact id: 'cf44cbd0d7bbd9bc105d5c05f8d21638') in 0.007454 seconds 
========================================================================
Received Import Request.
  Time since last request: 0.000063 seconds.
  path: Assets/I-worm2.png
  artifactKey: Guid(acdf3b82eb7cb4a16b3a3319dcd627a9) Importer(815301076,1909f56bfc062723c751e8b465ee728b)
Start importing Assets/I-worm2.png using Guid(acdf3b82eb7cb4a16b3a3319dcd627a9) Importer(815301076,1909f56bfc062723c751e8b465ee728b)  -> (artifact id: '94aab5bcbf3901772b59f1a42910c456') in 0.005604 seconds 
========================================================================
Received Import Request.
  Time since last request: 24.931637 seconds.
  path: Assets/Worms
  artifactKey: Guid(fe7cb5f1caf4647c6a085aea14e5ab61) Importer(815301076,1909f56bfc062723c751e8b465ee728b)
Start importing Assets/Worms using Guid(fe7cb5f1caf4647c6a085aea14e5ab61) Importer(815301076,1909f56bfc062723c751e8b465ee728b)  -> (artifact id: '65c7393417256082f5a7c085f4284e17') in 0.001116 seconds 
========================================================================
Received Import Request.
  Time since last request: 218.707432 seconds.
  path: Assets/Worms/worm-blue.png
  artifactKey: Guid(cf4444c11d4c4404c8447f83b413b238) Importer(815301076,1909f56bfc062723c751e8b465ee728b)
Start importing Assets/Worms/worm-blue.png using Guid(cf4444c11d4c4404c8447f83b413b238) Importer(815301076,1909f56bfc062723c751e8b465ee728b)  -> (artifact id: '30392752ac2a37e79443e7ea991dc161') in 0.040694 seconds 
========================================================================
Received Import Request.
  Time since last request: 0.000080 seconds.
  path: Assets/Worms/worm-pink.png
  artifactKey: Guid(6876d7a80c5a24242a5d18a5676ea833) Importer(815301076,1909f56bfc062723c751e8b465ee728b)
Start importing Assets/Worms/worm-pink.png using Guid(6876d7a80c5a24242a5d18a5676ea833) Importer(815301076,1909f56bfc062723c751e8b465ee728b)  -> (artifact id: '71bf203cb8ce34249567a66804b38911') in 0.005192 seconds 
========================================================================
Received Import Request.
  Time since last request: 0.000047 seconds.
  path: Assets/Worms/worm-red.png
  artifactKey: Guid(fae944f9b938b4eabab0f19fb907ed5c) Importer(815301076,1909f56bfc062723c751e8b465ee728b)
Start importing Assets/Worms/worm-red.png using Guid(fae944f9b938b4eabab0f19fb907ed5c) Importer(815301076,1909f56bfc062723c751e8b465ee728b)  -> (artifact id: 'd385b61bc116578c8376da2342807981') in 0.005185 seconds 
========================================================================
Received Import Request.
  Time since last request: 11.825446 seconds.
  path: Assets/Worms/worm-blue.png
  artifactKey: Guid(cf4444c11d4c4404c8447f83b413b238) Importer(815301076,1909f56bfc062723c751e8b465ee728b)
Start importing Assets/Worms/worm-blue.png using Guid(cf4444c11d4c4404c8447f83b413b238) Importer(815301076,1909f56bfc062723c751e8b465ee728b)  -> (artifact id: 'f1ecb283ed65d7454e7c1606229d8f4d') in 0.022339 seconds 
========================================================================
Received Import Request.
  Time since last request: 5.257441 seconds.
  path: Assets/Worms/worm-orange.png
  artifactKey: Guid(8358900c614ec4118badd014caa8bb55) Importer(815301076,1909f56bfc062723c751e8b465ee728b)
Start importing Assets/Worms/worm-orange.png using Guid(8358900c614ec4118badd014caa8bb55) Importer(815301076,1909f56bfc062723c751e8b465ee728b)  -> (artifact id: '35d076ebfe23c6cbb3ac6ea5e396751e') in 0.005603 seconds 
========================================================================
Received Import Request.
  Time since last request: 10.120624 seconds.
  path: Assets/Worms/worm-pink.png
  artifactKey: Guid(6876d7a80c5a24242a5d18a5676ea833) Importer(815301076,1909f56bfc062723c751e8b465ee728b)
Start importing Assets/Worms/worm-pink.png using Guid(6876d7a80c5a24242a5d18a5676ea833) Importer(815301076,1909f56bfc062723c751e8b465ee728b)  -> (artifact id: '50e389a4bf06b6e6224f3649c99e06b4') in 0.008875 seconds 
========================================================================
Received Import Request.
  Time since last request: 4.238664 seconds.
  path: Assets/Worms/worm-purple.png
  artifactKey: Guid(870cfd94e1867494b894315957a6fa37) Importer(815301076,1909f56bfc062723c751e8b465ee728b)
Start importing Assets/Worms/worm-purple.png using Guid(870cfd94e1867494b894315957a6fa37) Importer(815301076,1909f56bfc062723c751e8b465ee728b)  -> (artifact id: '28b1b08e922d0eefd648db0b288fd77e') in 0.006692 seconds 
========================================================================
Received Import Request.
  Time since last request: 3.863833 seconds.
  path: Assets/Worms/worm-red.png
  artifactKey: Guid(fae944f9b938b4eabab0f19fb907ed5c) Importer(815301076,1909f56bfc062723c751e8b465ee728b)
Start importing Assets/Worms/worm-red.png using Guid(fae944f9b938b4eabab0f19fb907ed5c) Importer(815301076,1909f56bfc062723c751e8b465ee728b)  -> (artifact id: '3f5fdaedc8f1ab903ea87ba5c1b2ec72') in 0.007796 seconds 
========================================================================
Received Import Request.
  Time since last request: 3.446707 seconds.
  path: Assets/Worms/worm-yellow.png
  artifactKey: Guid(109f327a46113478e994f956ca2fb655) Importer(815301076,1909f56bfc062723c751e8b465ee728b)
Start importing Assets/Worms/worm-yellow.png using Guid(109f327a46113478e994f956ca2fb655) Importer(815301076,1909f56bfc062723c751e8b465ee728b)  -> (artifact id: '1aad3d9cd2cca827dc5061383304650e') in 0.017416 seconds 
========================================================================
Received Import Request.
  Time since last request: 63.957847 seconds.
  path: Assets/GroupJ Variant.prefab
  artifactKey: Guid(7b78fb2b94c1b4d8a9f41583283ccb2b) Importer(815301076,1909f56bfc062723c751e8b465ee728b)
Start importing Assets/GroupJ Variant.prefab using Guid(7b78fb2b94c1b4d8a9f41583283ccb2b) Importer(815301076,1909f56bfc062723c751e8b465ee728b)  -> (artifact id: 'ea54bdd37952399379101c929ac4fc21') in 0.025247 seconds 
========================================================================
Received Import Request.
  Time since last request: 134.697296 seconds.
  path: Assets/GroupJ.prefab
  artifactKey: Guid(fdce85499302b491a9f409ed56445418) Importer(815301076,1909f56bfc062723c751e8b465ee728b)
Start importing Assets/GroupJ.prefab using Guid(fdce85499302b491a9f409ed56445418) Importer(815301076,1909f56bfc062723c751e8b465ee728b)  -> (artifact id: '2db55befb2e91b42484a1d4bc36546f7') in 0.023132 seconds 
========================================================================
Received Import Request.
  Time since last request: 110.979057 seconds.
  path: Assets/GroupL.prefab
  artifactKey: Guid(30a849e0541104657a48479e1a00b01b) Importer(815301076,1909f56bfc062723c751e8b465ee728b)
Start importing Assets/GroupL.prefab using Guid(30a849e0541104657a48479e1a00b01b) Importer(815301076,1909f56bfc062723c751e8b465ee728b)  -> (artifact id: '94399c9afe6b109da90ce41848e96638') in 0.005636 seconds 
========================================================================
Received Import Request.
  Time since last request: 94.740159 seconds.
  path: Assets/GroupO 1.prefab
  artifactKey: Guid(7055646c65fe24090b6e6516a8e83396) Importer(815301076,1909f56bfc062723c751e8b465ee728b)
Start importing Assets/GroupO 1.prefab using Guid(7055646c65fe24090b6e6516a8e83396) Importer(815301076,1909f56bfc062723c751e8b465ee728b)  -> (artifact id: '93ddb7d3a61ae9aca57e5e32cf87c39f') in 0.009244 seconds 
========================================================================
Received Import Request.
  Time since last request: 111.760024 seconds.
  path: Assets/GroupS.prefab
  artifactKey: Guid(5358dad8ba1db41b6bee5b679a9a1f4d) Importer(815301076,1909f56bfc062723c751e8b465ee728b)
Start importing Assets/GroupS.prefab using Guid(5358dad8ba1db41b6bee5b679a9a1f4d) Importer(815301076,1909f56bfc062723c751e8b465ee728b)  -> (artifact id: '92479b933677ceacb034734b961b4d0c') in 0.008775 seconds 
========================================================================
Received Import Request.
  Time since last request: 78.694718 seconds.
  path: Assets/GroupT.prefab
  artifactKey: Guid(c373b8a83124c45b6b8e9142a439e87f) Importer(815301076,1909f56bfc062723c751e8b465ee728b)
Start importing Assets/GroupT.prefab using Guid(c373b8a83124c45b6b8e9142a439e87f) Importer(815301076,1909f56bfc062723c751e8b465ee728b)  -> (artifact id: '0e643cc187fd2f598287a744fa9b87ea') in 0.006480 seconds 
========================================================================
Received Import Request.
  Time since last request: 87.090510 seconds.
  path: Assets/GroupZ.prefab
  artifactKey: Guid(ac4da5afef844449e81d57c6f6daece5) Importer(815301076,1909f56bfc062723c751e8b465ee728b)
Start importing Assets/GroupZ.prefab using Guid(ac4da5afef844449e81d57c6f6daece5) Importer(815301076,1909f56bfc062723c751e8b465ee728b)  -> (artifact id: 'c94ed67f904ce3fcea7c54e909ba6539') in 0.027154 seconds 
========================================================================
Received Import Request.
  Time since last request: 6.524333 seconds.
  path: Assets/Spawner.cs
  artifactKey: Guid(b99e510374db44b19bb5f1511e9563e4) Importer(815301076,1909f56bfc062723c751e8b465ee728b)
Start importing Assets/Spawner.cs using Guid(b99e510374db44b19bb5f1511e9563e4) Importer(815301076,1909f56bfc062723c751e8b465ee728b)  -> (artifact id: '5302eab1405a186a7f07728f649672f4') in 0.075762 seconds 
========================================================================
Received Prepare
Registering precompiled user dll's ...
Registered in 0.001827 seconds.
Begin MonoManager ReloadAssembly
Thread 0x288647000 may have been prematurely finalized
Symbol file LoadedFromMemory doesn't match image /Users/uni/Documents/rguhack2023/Tetris again/Library/PackageCache/com.unity.visualscripting@1.8.0/Editor/VisualScripting.Core/Dependencies/YamlDotNet/Unity.VisualScripting.YamlDotNet.dll
Symbol file LoadedFromMemory doesn't match image /Users/uni/Documents/rguhack2023/Tetris again/Library/PackageCache/com.unity.visualscripting@1.8.0/Editor/VisualScripting.Core/Dependencies/DotNetZip/Unity.VisualScripting.IonicZip.dll
Native extension for OSXStandalone target not found
Native extension for WebGL target not found
Refreshing native plugins compatible for Editor in 0.54 ms, found 3 plugins.
Preloading 0 native plugins for Editor in 0.00 ms.
Mono: successfully reloaded assembly
- Completed reload, in  0.626 seconds
Domain Reload Profiling:
	ReloadAssembly (626ms)
		BeginReloadAssembly (101ms)
			ExecutionOrderSort (0ms)
			DisableScriptedObjects (5ms)
			BackupInstance (0ms)
			ReleaseScriptingObjects (0ms)
			CreateAndSetChildDomain (50ms)
		EndReloadAssembly (462ms)
			LoadAssemblies (35ms)
			RebuildTransferFunctionScriptingTraits (0ms)
			SetupTypeCache (172ms)
			ReleaseScriptCaches (1ms)
			RebuildScriptCaches (33ms)
			SetupLoadedEditorAssemblies (189ms)
				LogAssemblyErrors (0ms)
				InitializePlatformSupportModulesInManaged (6ms)
				SetLoadedEditorAssemblies (0ms)
				RefreshPlugins (1ms)
				BeforeProcessingInitializeOnLoad (42ms)
				ProcessInitializeOnLoadAttributes (120ms)
				ProcessInitializeOnLoadMethodAttributes (18ms)
				AfterProcessingInitializeOnLoad (1ms)
				EditorAssembliesLoaded (0ms)
			ExecutionOrderSort2 (0ms)
			AwakeInstancesAfterBackupRestoration (4ms)
Platform modules already initialized, skipping
Refreshing native plugins compatible for Editor in 1.09 ms, found 3 plugins.
Preloading 0 native plugins for Editor in 0.00 ms.
Unloading 3766 Unused Serialized files (Serialized files now loaded: 0)
Unloading 28 unused Assets / (148.6 KB). Loaded Objects now: 4260.
Memory consumption went from 152.7 MB to 152.6 MB.
Total: 2.718459 ms (FindLiveObjects: 0.141625 ms CreateObjectMapping: 0.048333 ms MarkObjects: 2.388584 ms  DeleteObjects: 0.139292 ms)

AssetImportParameters requested are different than current active one (requested -> active):
  custom:video-decoder-ogg-theora: a1e56fd34408186e4bbccfd4996cb3dc -> 
  custom:container-muxer-webm: aa71ff27fc2769a1b78a27578f13a17b -> 
  custom:container-demuxer-webm: 4f35f7cbe854078d1ac9338744f61a02 -> 
  custom:video-encoder-webm-vp8: eb34c28f22e8b96e1ab97ce403110664 -> 
  custom:framework-osx-AVFoundation: e770b220cccbd017edd2c1fefb359320 -> 
  custom:audio-encoder-webm-vorbis: bf7c407c2cedff20999df2af8eb42d56 -> 
  custom:container-demuxer-ogg: 62fdf1f143b41e24485cea50d1cbac27 -> 
  custom:video-decoder-webm-vp8: 9c59270c3fd7afecdb556c50c9e8de78 -> 
  custom:audio-decoder-ogg-vorbis: bf7c407c2cedff20999df2af8eb42d56 -> 
========================================================================
Received Prepare
Registering precompiled user dll's ...
Registered in 0.002234 seconds.
Begin MonoManager ReloadAssembly
Thread 0x16f457000 may have been prematurely finalized
Symbol file LoadedFromMemory doesn't match image /Users/uni/Documents/rguhack2023/Tetris again/Library/PackageCache/com.unity.visualscripting@1.8.0/Editor/VisualScripting.Core/Dependencies/YamlDotNet/Unity.VisualScripting.YamlDotNet.dll
Symbol file LoadedFromMemory doesn't match image /Users/uni/Documents/rguhack2023/Tetris again/Library/PackageCache/com.unity.visualscripting@1.8.0/Editor/VisualScripting.Core/Dependencies/DotNetZip/Unity.VisualScripting.IonicZip.dll
Native extension for OSXStandalone target not found
Native extension for WebGL target not found
Refreshing native plugins compatible for Editor in 0.47 ms, found 3 plugins.
Preloading 0 native plugins for Editor in 0.00 ms.
Mono: successfully reloaded assembly
- Completed reload, in  0.632 seconds
Domain Reload Profiling:
	ReloadAssembly (632ms)
		BeginReloadAssembly (100ms)
			ExecutionOrderSort (0ms)
			DisableScriptedObjects (6ms)
			BackupInstance (0ms)
			ReleaseScriptingObjects (0ms)
			CreateAndSetChildDomain (47ms)
		EndReloadAssembly (470ms)
			LoadAssemblies (48ms)
			RebuildTransferFunctionScriptingTraits (1ms)
			SetupTypeCache (165ms)
			ReleaseScriptCaches (1ms)
			RebuildScriptCaches (35ms)
			SetupLoadedEditorAssemblies (190ms)
				LogAssemblyErrors (0ms)
				InitializePlatformSupportModulesInManaged (7ms)
				SetLoadedEditorAssemblies (0ms)
				RefreshPlugins (0ms)
				BeforeProcessingInitializeOnLoad (42ms)
				ProcessInitializeOnLoadAttributes (121ms)
				ProcessInitializeOnLoadMethodAttributes (19ms)
				AfterProcessingInitializeOnLoad (1ms)
				EditorAssembliesLoaded (0ms)
			ExecutionOrderSort2 (0ms)
			AwakeInstancesAfterBackupRestoration (4ms)
Platform modules already initialized, skipping
Refreshing native plugins compatible for Editor in 1.06 ms, found 3 plugins.
Preloading 0 native plugins for Editor in 0.00 ms.
Unloading 3766 Unused Serialized files (Serialized files now loaded: 0)
Unloading 28 unused Assets / (148.5 KB). Loaded Objects now: 4263.
Memory consumption went from 152.7 MB to 152.6 MB.
Total: 2.772875 ms (FindLiveObjects: 0.168625 ms CreateObjectMapping: 0.051959 ms MarkObjects: 2.430625 ms  DeleteObjects: 0.120666 ms)

AssetImportParameters requested are different than current active one (requested -> active):
  custom:video-decoder-ogg-theora: a1e56fd34408186e4bbccfd4996cb3dc -> 
  custom:container-muxer-webm: aa71ff27fc2769a1b78a27578f13a17b -> 
  custom:container-demuxer-webm: 4f35f7cbe854078d1ac9338744f61a02 -> 
  custom:video-encoder-webm-vp8: eb34c28f22e8b96e1ab97ce403110664 -> 
  custom:framework-osx-AVFoundation: e770b220cccbd017edd2c1fefb359320 -> 
  custom:audio-encoder-webm-vorbis: bf7c407c2cedff20999df2af8eb42d56 -> 
  custom:container-demuxer-ogg: 62fdf1f143b41e24485cea50d1cbac27 -> 
  custom:video-decoder-webm-vp8: 9c59270c3fd7afecdb556c50c9e8de78 -> 
  custom:audio-decoder-ogg-vorbis: bf7c407c2cedff20999df2af8eb42d56 -> 
========================================================================
Received Import Request.
  Time since last request: 196.184176 seconds.
  path: Assets/GroupJ.prefab
  artifactKey: Guid(fdce85499302b491a9f409ed56445418) Importer(815301076,1909f56bfc062723c751e8b465ee728b)
Start importing Assets/GroupJ.prefab using Guid(fdce85499302b491a9f409ed56445418) Importer(815301076,1909f56bfc062723c751e8b465ee728b)  -> (artifact id: '55ff481c02fbeddead250b12cea9f1ee') in 0.090580 seconds 
========================================================================
Received Import Request.
  Time since last request: 4.530414 seconds.
  path: Assets/GroupJ.prefab
  artifactKey: Guid(fdce85499302b491a9f409ed56445418) Importer(815301076,1909f56bfc062723c751e8b465ee728b)
Start importing Assets/GroupJ.prefab using Guid(fdce85499302b491a9f409ed56445418) Importer(815301076,1909f56bfc062723c751e8b465ee728b)  -> (artifact id: '4946e9a482b766f3666571827b4fc60f') in 0.006307 seconds 
========================================================================
Received Import Request.
  Time since last request: 3.432305 seconds.
  path: Assets/GroupL.prefab
  artifactKey: Guid(30a849e0541104657a48479e1a00b01b) Importer(815301076,1909f56bfc062723c751e8b465ee728b)
Start importing Assets/GroupL.prefab using Guid(30a849e0541104657a48479e1a00b01b) Importer(815301076,1909f56bfc062723c751e8b465ee728b)  -> (artifact id: '9d2667e63caa06a1dfe9da578e1db5a4') in 0.005739 seconds 
========================================================================
Received Import Request.
  Time since last request: 3.864295 seconds.
  path: Assets/GroupS.prefab
  artifactKey: Guid(5358dad8ba1db41b6bee5b679a9a1f4d) Importer(815301076,1909f56bfc062723c751e8b465ee728b)
Start importing Assets/GroupS.prefab using Guid(5358dad8ba1db41b6bee5b679a9a1f4d) Importer(815301076,1909f56bfc062723c751e8b465ee728b)  -> (artifact id: '63eb2b443dc6b53c54a6f26c9a204903') in 0.005551 seconds 
========================================================================
Received Import Request.
  Time since last request: 6.676261 seconds.
  path: Assets/GroupT.prefab
  artifactKey: Guid(c373b8a83124c45b6b8e9142a439e87f) Importer(815301076,1909f56bfc062723c751e8b465ee728b)
Start importing Assets/GroupT.prefab using Guid(c373b8a83124c45b6b8e9142a439e87f) Importer(815301076,1909f56bfc062723c751e8b465ee728b)  -> (artifact id: '562a06f3b695e117867f13b8d5ad0fb8') in 0.008525 seconds 
========================================================================
Received Import Request.
  Time since last request: 2.908658 seconds.
  path: Assets/GroupZ.prefab
  artifactKey: Guid(ac4da5afef844449e81d57c6f6daece5) Importer(815301076,1909f56bfc062723c751e8b465ee728b)
Start importing Assets/GroupZ.prefab using Guid(ac4da5afef844449e81d57c6f6daece5) Importer(815301076,1909f56bfc062723c751e8b465ee728b)  -> (artifact id: 'a8baaa05734ecc0536a207e29b4aeec8') in 0.005331 seconds 
========================================================================
Received Prepare
Registering precompiled user dll's ...
Registered in 0.001584 seconds.
Begin MonoManager ReloadAssembly
Thread 0x16f457000 may have been prematurely finalized
Symbol file LoadedFromMemory doesn't match image /Users/uni/Documents/rguhack2023/Tetris again/Library/PackageCache/com.unity.visualscripting@1.8.0/Editor/VisualScripting.Core/Dependencies/YamlDotNet/Unity.VisualScripting.YamlDotNet.dll
Symbol file LoadedFromMemory doesn't match image /Users/uni/Documents/rguhack2023/Tetris again/Library/PackageCache/com.unity.visualscripting@1.8.0/Editor/VisualScripting.Core/Dependencies/DotNetZip/Unity.VisualScripting.IonicZip.dll
Native extension for OSXStandalone target not found
Native extension for WebGL target not found
Refreshing native plugins compatible for Editor in 0.51 ms, found 3 plugins.
Preloading 0 native plugins for Editor in 0.00 ms.
Mono: successfully reloaded assembly
- Completed reload, in  0.620 seconds
Domain Reload Profiling:
	ReloadAssembly (620ms)
		BeginReloadAssembly (100ms)
			ExecutionOrderSort (0ms)
			DisableScriptedObjects (6ms)
			BackupInstance (0ms)
			ReleaseScriptingObjects (0ms)
			CreateAndSetChildDomain (49ms)
		EndReloadAssembly (459ms)
			LoadAssemblies (35ms)
			RebuildTransferFunctionScriptingTraits (0ms)
			SetupTypeCache (162ms)
			ReleaseScriptCaches (2ms)
			RebuildScriptCaches (35ms)
			SetupLoadedEditorAssemblies (192ms)
				LogAssemblyErrors (0ms)
				InitializePlatformSupportModulesInManaged (6ms)
				SetLoadedEditorAssemblies (0ms)
				RefreshPlugins (1ms)
				BeforeProcessingInitializeOnLoad (44ms)
				ProcessInitializeOnLoadAttributes (120ms)
				ProcessInitializeOnLoadMethodAttributes (20ms)
				AfterProcessingInitializeOnLoad (1ms)
				EditorAssembliesLoaded (0ms)
			ExecutionOrderSort2 (0ms)
			AwakeInstancesAfterBackupRestoration (4ms)
Platform modules already initialized, skipping
Refreshing native plugins compatible for Editor in 1.10 ms, found 3 plugins.
Preloading 0 native plugins for Editor in 0.00 ms.
Unloading 3766 Unused Serialized files (Serialized files now loaded: 0)
Unloading 28 unused Assets / (148.8 KB). Loaded Objects now: 4266.
Memory consumption went from 152.7 MB to 152.6 MB.
Total: 2.839917 ms (FindLiveObjects: 0.150542 ms CreateObjectMapping: 0.049459 ms MarkObjects: 2.479875 ms  DeleteObjects: 0.159333 ms)

AssetImportParameters requested are different than current active one (requested -> active):
  custom:video-decoder-ogg-theora: a1e56fd34408186e4bbccfd4996cb3dc -> 
  custom:container-muxer-webm: aa71ff27fc2769a1b78a27578f13a17b -> 
  custom:container-demuxer-webm: 4f35f7cbe854078d1ac9338744f61a02 -> 
  custom:video-encoder-webm-vp8: eb34c28f22e8b96e1ab97ce403110664 -> 
  custom:framework-osx-AVFoundation: e770b220cccbd017edd2c1fefb359320 -> 
  custom:audio-encoder-webm-vorbis: bf7c407c2cedff20999df2af8eb42d56 -> 
  custom:container-demuxer-ogg: 62fdf1f143b41e24485cea50d1cbac27 -> 
  custom:video-decoder-webm-vp8: 9c59270c3fd7afecdb556c50c9e8de78 -> 
  custom:audio-decoder-ogg-vorbis: bf7c407c2cedff20999df2af8eb42d56 -> 
========================================================================
Received Import Request.
  Time since last request: 120.188027 seconds.
  path: Assets/GroupJ Variant.prefab
  artifactKey: Guid(7b78fb2b94c1b4d8a9f41583283ccb2b) Importer(815301076,1909f56bfc062723c751e8b465ee728b)
Start importing Assets/GroupJ Variant.prefab using Guid(7b78fb2b94c1b4d8a9f41583283ccb2b) Importer(815301076,1909f56bfc062723c751e8b465ee728b)  -> (artifact id: 'f8a43a928d3a09ed0d52bb5236cec1ab') in 0.104701 seconds 
========================================================================
Received Import Request.
  Time since last request: 4.135027 seconds.
  path: Assets/GroupJ Variant.prefab
  artifactKey: Guid(7b78fb2b94c1b4d8a9f41583283ccb2b) Importer(815301076,1909f56bfc062723c751e8b465ee728b)
Start importing Assets/GroupJ Variant.prefab using Guid(7b78fb2b94c1b4d8a9f41583283ccb2b) Importer(815301076,1909f56bfc062723c751e8b465ee728b)  -> (artifact id: '77e215c6e8cb4116b55619712777ecfb') in 0.001924 seconds 
========================================================================
Received Import Request.
  Time since last request: 130.780008 seconds.
  path: Assets/GroupI.prefab
  artifactKey: Guid(7748a15f791cb40069cfbfa2916abdde) Importer(815301076,1909f56bfc062723c751e8b465ee728b)
Start importing Assets/GroupI.prefab using Guid(7748a15f791cb40069cfbfa2916abdde) Importer(815301076,1909f56bfc062723c751e8b465ee728b)  -> (artifact id: '56cae9372605c9c3ab5738ae9ec33fbb') in 0.021173 seconds 
========================================================================
Received Import Request.
  Time since last request: 10.498632 seconds.
  path: Assets/GroupI.prefab
  artifactKey: Guid(7748a15f791cb40069cfbfa2916abdde) Importer(815301076,1909f56bfc062723c751e8b465ee728b)
Start importing Assets/GroupI.prefab using Guid(7748a15f791cb40069cfbfa2916abdde) Importer(815301076,1909f56bfc062723c751e8b465ee728b)  -> (artifact id: '60553032f3ae5d0dec50a68e9e0f6de3') in 0.008828 seconds 
========================================================================
Received Import Request.
  Time since last request: 25.869040 seconds.
  path: Assets/GroupO.prefab
  artifactKey: Guid(7055646c65fe24090b6e6516a8e83396) Importer(815301076,1909f56bfc062723c751e8b465ee728b)
Start importing Assets/GroupO.prefab using Guid(7055646c65fe24090b6e6516a8e83396) Importer(815301076,1909f56bfc062723c751e8b465ee728b)  -> (artifact id: 'c085d8756370a0f361c6704660788c28') in 0.007093 seconds 
========================================================================
Received Import Request.
  Time since last request: 13.909553 seconds.
  path: Assets/GroupZ Variant.prefab
  artifactKey: Guid(7da18e32447e14386abb206e710e4065) Importer(815301076,1909f56bfc062723c751e8b465ee728b)
Start importing Assets/GroupZ Variant.prefab using Guid(7da18e32447e14386abb206e710e4065) Importer(815301076,1909f56bfc062723c751e8b465ee728b)  -> (artifact id: '9c2114eb3df844805f1c5cf97c437aab') in 0.001887 seconds 
========================================================================
Received Prepare
Registering precompiled user dll's ...
Registered in 0.002370 seconds.
Begin MonoManager ReloadAssembly
Thread 0x16f457000 may have been prematurely finalized
Symbol file LoadedFromMemory doesn't match image /Users/uni/Documents/rguhack2023/Tetris again/Library/PackageCache/com.unity.visualscripting@1.8.0/Editor/VisualScripting.Core/Dependencies/YamlDotNet/Unity.VisualScripting.YamlDotNet.dll
Symbol file LoadedFromMemory doesn't match image /Users/uni/Documents/rguhack2023/Tetris again/Library/PackageCache/com.unity.visualscripting@1.8.0/Editor/VisualScripting.Core/Dependencies/DotNetZip/Unity.VisualScripting.IonicZip.dll
Native extension for OSXStandalone target not found
Native extension for WebGL target not found
Refreshing native plugins compatible for Editor in 0.63 ms, found 3 plugins.
Preloading 0 native plugins for Editor in 0.00 ms.
Mono: successfully reloaded assembly
- Completed reload, in  0.653 seconds
Domain Reload Profiling:
	ReloadAssembly (654ms)
		BeginReloadAssembly (114ms)
			ExecutionOrderSort (0ms)
			DisableScriptedObjects (5ms)
			BackupInstance (0ms)
			ReleaseScriptingObjects (0ms)
			CreateAndSetChildDomain (63ms)
		EndReloadAssembly (479ms)
			LoadAssemblies (44ms)
			RebuildTransferFunctionScriptingTraits (0ms)
			SetupTypeCache (174ms)
			ReleaseScriptCaches (1ms)
			RebuildScriptCaches (35ms)
			SetupLoadedEditorAssemblies (193ms)
				LogAssemblyErrors (0ms)
				InitializePlatformSupportModulesInManaged (8ms)
				SetLoadedEditorAssemblies (0ms)
				RefreshPlugins (1ms)
				BeforeProcessingInitializeOnLoad (45ms)
				ProcessInitializeOnLoadAttributes (119ms)
				ProcessInitializeOnLoadMethodAttributes (19ms)
				AfterProcessingInitializeOnLoad (1ms)
				EditorAssembliesLoaded (0ms)
			ExecutionOrderSort2 (0ms)
			AwakeInstancesAfterBackupRestoration (4ms)
Platform modules already initialized, skipping
Refreshing native plugins compatible for Editor in 1.18 ms, found 3 plugins.
Preloading 0 native plugins for Editor in 0.00 ms.
Unloading 3766 Unused Serialized files (Serialized files now loaded: 0)
Unloading 28 unused Assets / (148.6 KB). Loaded Objects now: 4269.
Memory consumption went from 152.7 MB to 152.6 MB.
Total: 2.846167 ms (FindLiveObjects: 0.140708 ms CreateObjectMapping: 0.046917 ms MarkObjects: 2.538958 ms  DeleteObjects: 0.119083 ms)

AssetImportParameters requested are different than current active one (requested -> active):
  custom:video-decoder-ogg-theora: a1e56fd34408186e4bbccfd4996cb3dc -> 
  custom:container-muxer-webm: aa71ff27fc2769a1b78a27578f13a17b -> 
  custom:container-demuxer-webm: 4f35f7cbe854078d1ac9338744f61a02 -> 
  custom:video-encoder-webm-vp8: eb34c28f22e8b96e1ab97ce403110664 -> 
  custom:framework-osx-AVFoundation: e770b220cccbd017edd2c1fefb359320 -> 
  custom:audio-encoder-webm-vorbis: bf7c407c2cedff20999df2af8eb42d56 -> 
  custom:container-demuxer-ogg: 62fdf1f143b41e24485cea50d1cbac27 -> 
  custom:video-decoder-webm-vp8: 9c59270c3fd7afecdb556c50c9e8de78 -> 
  custom:audio-decoder-ogg-vorbis: bf7c407c2cedff20999df2af8eb42d56 -> 
========================================================================
Received Prepare
Registering precompiled user dll's ...
Registered in 0.002266 seconds.
Begin MonoManager ReloadAssembly
Thread 0x16f457000 may have been prematurely finalized
Symbol file LoadedFromMemory doesn't match image /Users/uni/Documents/rguhack2023/Tetris again/Library/PackageCache/com.unity.visualscripting@1.8.0/Editor/VisualScripting.Core/Dependencies/YamlDotNet/Unity.VisualScripting.YamlDotNet.dll
Symbol file LoadedFromMemory doesn't match image /Users/uni/Documents/rguhack2023/Tetris again/Library/PackageCache/com.unity.visualscripting@1.8.0/Editor/VisualScripting.Core/Dependencies/DotNetZip/Unity.VisualScripting.IonicZip.dll
Native extension for OSXStandalone target not found
Native extension for WebGL target not found
Refreshing native plugins compatible for Editor in 1.70 ms, found 3 plugins.
Preloading 0 native plugins for Editor in 0.00 ms.
Mono: successfully reloaded assembly
- Completed reload, in  0.617 seconds
Domain Reload Profiling:
	ReloadAssembly (618ms)
		BeginReloadAssembly (88ms)
			ExecutionOrderSort (0ms)
			DisableScriptedObjects (5ms)
			BackupInstance (0ms)
			ReleaseScriptingObjects (0ms)
			CreateAndSetChildDomain (38ms)
		EndReloadAssembly (467ms)
			LoadAssemblies (35ms)
			RebuildTransferFunctionScriptingTraits (0ms)
			SetupTypeCache (170ms)
			ReleaseScriptCaches (2ms)
			RebuildScriptCaches (35ms)
			SetupLoadedEditorAssemblies (192ms)
				LogAssemblyErrors (0ms)
				InitializePlatformSupportModulesInManaged (6ms)
				SetLoadedEditorAssemblies (0ms)
				RefreshPlugins (2ms)
				BeforeProcessingInitializeOnLoad (43ms)
				ProcessInitializeOnLoadAttributes (120ms)
				ProcessInitializeOnLoadMethodAttributes (19ms)
				AfterProcessingInitializeOnLoad (1ms)
				EditorAssembliesLoaded (0ms)
			ExecutionOrderSort2 (0ms)
			AwakeInstancesAfterBackupRestoration (4ms)
Platform modules already initialized, skipping
Refreshing native plugins compatible for Editor in 1.10 ms, found 3 plugins.
Preloading 0 native plugins for Editor in 0.00 ms.
Unloading 3766 Unused Serialized files (Serialized files now loaded: 0)
Unloading 28 unused Assets / (149.4 KB). Loaded Objects now: 4272.
Memory consumption went from 152.7 MB to 152.6 MB.
Total: 3.067084 ms (FindLiveObjects: 0.160792 ms CreateObjectMapping: 0.099208 ms MarkObjects: 2.641667 ms  DeleteObjects: 0.164292 ms)

AssetImportParameters requested are different than current active one (requested -> active):
  custom:video-decoder-ogg-theora: a1e56fd34408186e4bbccfd4996cb3dc -> 
  custom:container-muxer-webm: aa71ff27fc2769a1b78a27578f13a17b -> 
  custom:container-demuxer-webm: 4f35f7cbe854078d1ac9338744f61a02 -> 
  custom:video-encoder-webm-vp8: eb34c28f22e8b96e1ab97ce403110664 -> 
  custom:framework-osx-AVFoundation: e770b220cccbd017edd2c1fefb359320 -> 
  custom:audio-encoder-webm-vorbis: bf7c407c2cedff20999df2af8eb42d56 -> 
  custom:container-demuxer-ogg: 62fdf1f143b41e24485cea50d1cbac27 -> 
  custom:video-decoder-webm-vp8: 9c59270c3fd7afecdb556c50c9e8de78 -> 
  custom:audio-decoder-ogg-vorbis: bf7c407c2cedff20999df2af8eb42d56 -> 
========================================================================
Received Prepare
Registering precompiled user dll's ...
Registered in 0.002208 seconds.
Begin MonoManager ReloadAssembly
Thread 0x16f457000 may have been prematurely finalized
Symbol file LoadedFromMemory doesn't match image /Users/uni/Documents/rguhack2023/Tetris again/Library/PackageCache/com.unity.visualscripting@1.8.0/Editor/VisualScripting.Core/Dependencies/YamlDotNet/Unity.VisualScripting.YamlDotNet.dll
Symbol file LoadedFromMemory doesn't match image /Users/uni/Documents/rguhack2023/Tetris again/Library/PackageCache/com.unity.visualscripting@1.8.0/Editor/VisualScripting.Core/Dependencies/DotNetZip/Unity.VisualScripting.IonicZip.dll
Native extension for OSXStandalone target not found
Native extension for WebGL target not found
Refreshing native plugins compatible for Editor in 0.56 ms, found 3 plugins.
Preloading 0 native plugins for Editor in 0.00 ms.
Mono: successfully reloaded assembly
- Completed reload, in  0.596 seconds
Domain Reload Profiling:
	ReloadAssembly (596ms)
		BeginReloadAssembly (84ms)
			ExecutionOrderSort (0ms)
			DisableScriptedObjects (4ms)
			BackupInstance (0ms)
			ReleaseScriptingObjects (0ms)
			CreateAndSetChildDomain (36ms)
		EndReloadAssembly (452ms)
			LoadAssemblies (33ms)
			RebuildTransferFunctionScriptingTraits (0ms)
			SetupTypeCache (158ms)
			ReleaseScriptCaches (2ms)
			RebuildScriptCaches (35ms)
			SetupLoadedEditorAssemblies (191ms)
				LogAssemblyErrors (0ms)
				InitializePlatformSupportModulesInManaged (6ms)
				SetLoadedEditorAssemblies (0ms)
				RefreshPlugins (1ms)
				BeforeProcessingInitializeOnLoad (44ms)
				ProcessInitializeOnLoadAttributes (119ms)
				ProcessInitializeOnLoadMethodAttributes (20ms)
				AfterProcessingInitializeOnLoad (1ms)
				EditorAssembliesLoaded (0ms)
			ExecutionOrderSort2 (0ms)
			AwakeInstancesAfterBackupRestoration (4ms)
Platform modules already initialized, skipping
Refreshing native plugins compatible for Editor in 1.05 ms, found 3 plugins.
Preloading 0 native plugins for Editor in 0.00 ms.
Unloading 3766 Unused Serialized files (Serialized files now loaded: 0)
Unloading 28 unused Assets / (149.3 KB). Loaded Objects now: 4275.
Memory consumption went from 152.7 MB to 152.6 MB.
Total: 2.489375 ms (FindLiveObjects: 0.141042 ms CreateObjectMapping: 0.046792 ms MarkObjects: 2.206625 ms  DeleteObjects: 0.094375 ms)

AssetImportParameters requested are different than current active one (requested -> active):
  custom:video-decoder-ogg-theora: a1e56fd34408186e4bbccfd4996cb3dc -> 
  custom:container-muxer-webm: aa71ff27fc2769a1b78a27578f13a17b -> 
  custom:container-demuxer-webm: 4f35f7cbe854078d1ac9338744f61a02 -> 
  custom:video-encoder-webm-vp8: eb34c28f22e8b96e1ab97ce403110664 -> 
  custom:framework-osx-AVFoundation: e770b220cccbd017edd2c1fefb359320 -> 
  custom:audio-encoder-webm-vorbis: bf7c407c2cedff20999df2af8eb42d56 -> 
  custom:container-demuxer-ogg: 62fdf1f143b41e24485cea50d1cbac27 -> 
  custom:video-decoder-webm-vp8: 9c59270c3fd7afecdb556c50c9e8de78 -> 
  custom:audio-decoder-ogg-vorbis: bf7c407c2cedff20999df2af8eb42d56 -> 
========================================================================
Received Prepare
Registering precompiled user dll's ...
Registered in 0.002113 seconds.
Begin MonoManager ReloadAssembly
Thread 0x16f457000 may have been prematurely finalized
Symbol file LoadedFromMemory doesn't match image /Users/uni/Documents/rguhack2023/Tetris again/Library/PackageCache/com.unity.visualscripting@1.8.0/Editor/VisualScripting.Core/Dependencies/YamlDotNet/Unity.VisualScripting.YamlDotNet.dll
Symbol file LoadedFromMemory doesn't match image /Users/uni/Documents/rguhack2023/Tetris again/Library/PackageCache/com.unity.visualscripting@1.8.0/Editor/VisualScripting.Core/Dependencies/DotNetZip/Unity.VisualScripting.IonicZip.dll
Native extension for OSXStandalone target not found
Native extension for WebGL target not found
Refreshing native plugins compatible for Editor in 0.43 ms, found 3 plugins.
Preloading 0 native plugins for Editor in 0.00 ms.
Mono: successfully reloaded assembly
- Completed reload, in  0.631 seconds
Domain Reload Profiling:
	ReloadAssembly (632ms)
		BeginReloadAssembly (99ms)
			ExecutionOrderSort (0ms)
			DisableScriptedObjects (5ms)
			BackupInstance (0ms)
			ReleaseScriptingObjects (0ms)
			CreateAndSetChildDomain (48ms)
		EndReloadAssembly (471ms)
			LoadAssemblies (43ms)
			RebuildTransferFunctionScriptingTraits (0ms)
			SetupTypeCache (170ms)
			ReleaseScriptCaches (1ms)
			RebuildScriptCaches (35ms)
			SetupLoadedEditorAssemblies (189ms)
				LogAssemblyErrors (0ms)
				InitializePlatformSupportModulesInManaged (6ms)
				SetLoadedEditorAssemblies (0ms)
				RefreshPlugins (0ms)
				BeforeProcessingInitializeOnLoad (42ms)
				ProcessInitializeOnLoadAttributes (120ms)
				ProcessInitializeOnLoadMethodAttributes (19ms)
				AfterProcessingInitializeOnLoad (1ms)
				EditorAssembliesLoaded (0ms)
			ExecutionOrderSort2 (0ms)
			AwakeInstancesAfterBackupRestoration (4ms)
Platform modules already initialized, skipping
Refreshing native plugins compatible for Editor in 1.17 ms, found 3 plugins.
Preloading 0 native plugins for Editor in 0.00 ms.
Unloading 3766 Unused Serialized files (Serialized files now loaded: 0)
Unloading 28 unused Assets / (148.7 KB). Loaded Objects now: 4278.
Memory consumption went from 152.8 MB to 152.6 MB.
Total: 3.208291 ms (FindLiveObjects: 0.368834 ms CreateObjectMapping: 0.078541 ms MarkObjects: 2.625125 ms  DeleteObjects: 0.135375 ms)

AssetImportParameters requested are different than current active one (requested -> active):
  custom:video-decoder-ogg-theora: a1e56fd34408186e4bbccfd4996cb3dc -> 
  custom:container-muxer-webm: aa71ff27fc2769a1b78a27578f13a17b -> 
  custom:container-demuxer-webm: 4f35f7cbe854078d1ac9338744f61a02 -> 
  custom:video-encoder-webm-vp8: eb34c28f22e8b96e1ab97ce403110664 -> 
  custom:framework-osx-AVFoundation: e770b220cccbd017edd2c1fefb359320 -> 
  custom:audio-encoder-webm-vorbis: bf7c407c2cedff20999df2af8eb42d56 -> 
  custom:container-demuxer-ogg: 62fdf1f143b41e24485cea50d1cbac27 -> 
  custom:video-decoder-webm-vp8: 9c59270c3fd7afecdb556c50c9e8de78 -> 
  custom:audio-decoder-ogg-vorbis: bf7c407c2cedff20999df2af8eb42d56 -> 
